<?xml version="1.0" encoding="UTF-8"?>
<!-- Generated by org.testng.reporters.JUnitXMLReporter -->
<testsuite ignored="0" hostname="Debasish" failures="1" tests="3" name="Test" time="4.864" errors="0" timestamp="2023-08-17T11:06:53 IST">
  <testcase classname="in.debasish.TestNgListener.NopCommerceTests" name="testLogo" time="0.04"/>
  <testcase classname="in.debasish.TestNgListener.NopCommerceTests" name="testLogin" time="0.012">
    <failure type="java.lang.AssertionError">
      <![CDATA[java.lang.AssertionError: 
at in.debasish.TestNgListener.NopCommerceTests.testLogin(NopCommerceTests.java:65)
at java.base/java.util.ArrayList.forEach(ArrayList.java:1511)
... Removed 29 stack frames]]>
    </failure>
  </testcase> <!-- testLogin -->
  <testcase classname="in.debasish.TestNgListener.NopCommerceTests" name="testLogout" time="0.0">
    <skipped/>
  </testcase> <!-- testLogout -->
</testsuite> <!-- Test -->
